<?xml version="1.0" encoding="UTF-8"?>
<!-- Generated by org.testng.reporters.JUnitReportReporter -->
<testsuite hostname="VietHuong" failures="0" tests="3" name="com.mycompany.mavenproject2.Mavenproject2Test" time="0.072" errors="0" timestamp="2025-03-02T11:26:06 ICT" skipped="0">
  <testcase classname="com.mycompany.mavenproject2.Mavenproject2Test" name="testSetAge" time="0.024"/>
  <testcase classname="com.mycompany.mavenproject2.Mavenproject2Test" name="testGetName" time="0.023"/>
  <testcase classname="com.mycompany.mavenproject2.Mavenproject2Test" name="testUpdateName" time="0.025"/>
</testsuite> <!-- com.mycompany.mavenproject2.Mavenproject2Test -->
